<?xml version="1.0" encoding="UTF-8"?>
<!-- Generated by org.testng.reporters.JUnitReportReporter -->
<testsuite hostname="LPCAIQ0804" failures="0" tests="8" name="com.OrangeHRM.testcases.LoginPageTest" time="76.464" errors="0" timestamp="2022-09-29T17:38:57 EET" skipped="0">
  <testcase classname="com.OrangeHRM.testcases.LoginPageTest" name="PerformValidLoginTest" time="12.192"/>
  <system-out/>
  <testcase classname="com.OrangeHRM.testcases.LoginPageTest" name="CheckLoginwithInvalidPasswordOrmail" time="6.847"/>
  <system-out/>
  <testcase classname="com.OrangeHRM.testcases.LoginPageTest" name="CheckLoginwithInvalidPasswordOrmail" time="11.482"/>
  <system-out/>
  <testcase classname="com.OrangeHRM.testcases.LoginPageTest" name="CheckLoginwithInvalidPasswordOrmail" time="14.775"/>
  <system-out/>
  <testcase classname="com.OrangeHRM.testcases.LoginPageTest" name="CheckLoginwithInvalidPasswordOrmail" time="7.467"/>
  <system-out/>
  <testcase classname="com.OrangeHRM.testcases.LoginPageTest" name="testLogo" time="8.123"/>
  <system-out/>
  <testcase classname="com.OrangeHRM.testcases.LoginPageTest" name="testTitle" time="10.163"/>
  <system-out/>
  <testcase classname="com.OrangeHRM.testcases.LoginPageTest" name="testURL" time="5.415"/>
  <system-out/>
</testsuite> <!-- com.OrangeHRM.testcases.LoginPageTest -->
